<?xml version="1.0" encoding="UTF-8"?>
<!-- Generated by org.testng.reporters.JUnitReportReporter -->
<testsuite hostname="ravindra" name="uk.co.bt.script.Sample" tests="1" failures="0" timestamp="12 May 2017 08:47:56 GMT" time="0.038" errors="0">
  <testcase name="testA" time="0.038" classname="uk.co.bt.script.Sample"/>
</testsuite> <!-- uk.co.bt.script.Sample -->
